-------------------------------------------------------------------------------
Test set: JocTest
-------------------------------------------------------------------------------
Tests run: 8, Failures: 3, Errors: 0, Skipped: 0, Time elapsed: 0.086 s <<< FAILURE! - in JocTest
jugadaGuanyadora_taulellAmbFitxes  Time elapsed: 0.049 s  <<< FAILURE!
org.opentest4j.AssertionFailedError: expected: <true> but was: <false>
	at JocTest.jugadaGuanyadora_taulellAmbFitxes(JocTest.java:98)

jugadaGuanyadora  Time elapsed: 0.002 s  <<< FAILURE!
org.opentest4j.AssertionFailedError: expected: <false> but was: <true>
	at JocTest.jugadaGuanyadora(JocTest.java:64)

jugadaGuanyadora_taulellAmbUnaFitxa  Time elapsed: 0.004 s  <<< FAILURE!
org.opentest4j.AssertionFailedError: expected: <true> but was: <false>
	at JocTest.jugadaGuanyadora_taulellAmbUnaFitxa(JocTest.java:78)

