<?xml version="1.0" encoding="UTF-8"?>
<testsuite xmlns:xsi="http://www.w3.org/2001/XMLSchema-instance" xsi:noNamespaceSchemaLocation="https://maven.apache.org/surefire/maven-surefire-plugin/xsd/surefire-test-report.xsd" name="JocTest" time="0.086" tests="8" errors="0" skipped="0" failures="3">
  <properties>
[...]
</properties>
  <testcase name="jugadaGuanyadora_taulellAmbFitxes" classname="JocTest" time="0.049">
    <failure message="expected: &lt;true&gt; but was: &lt;false&gt;" type="org.opentest4j.AssertionFailedError"><![CDATA[org.opentest4j.AssertionFailedError: expected: <true> but was: <false>
	at JocTest.jugadaGuanyadora_taulellAmbFitxes(JocTest.java:98)
]]></failure>
  </testcase>
  <testcase name="jugadaGuanyadora" classname="JocTest" time="0.002">
    <failure message="expected: &lt;false&gt; but was: &lt;true&gt;" type="org.opentest4j.AssertionFailedError"><![CDATA[org.opentest4j.AssertionFailedError: expected: <false> but was: <true>
	at JocTest.jugadaGuanyadora(JocTest.java:64)
]]></failure>
  </testcase>
  <testcase name="jugar_fitxa_jugador1_en_taulellBuit" classname="JocTest" time="0.004"/>
  <testcase name="novaPartida_torn_new" classname="JocTest" time="0.002"/>
  <testcase name="jugar_noPosarFitxa_en_posicioJaOcupada" classname="JocTest" time="0.003"/>
  <testcase name="jugar_fitxa_jugador2_en_taulellAmbFitxa" classname="JocTest" time="0.002"/>
  <testcase name="novaPartida_torn" classname="JocTest" time="0.004"/>
  <testcase name="jugadaGuanyadora_taulellAmbUnaFitxa" classname="JocTest" time="0.004">
    <failure message="expected: &lt;true&gt; but was: &lt;false&gt;" type="org.opentest4j.AssertionFailedError"><![CDATA[org.opentest4j.AssertionFailedError: expected: <true> but was: <false>
	at JocTest.jugadaGuanyadora_taulellAmbUnaFitxa(JocTest.java:78)
]]></failure>
  </testcase>
</testsuite>